<?xml version="1.0" encoding="UTF-8"?>
<!-- Generated by org.testng.reporters.JUnitXMLReporter -->
<testsuite ignored="0" hostname="PVGN56590495A" failures="0" tests="3" name="Surefire test" time="18.897" errors="0" timestamp="30 Jul 2020 06:10:11 GMT">
  <testcase classname="com.selenium.BasicIT" name="googleCheeseExample" time="17.135"/>
  <testcase classname="com.selenium.BasicIT" name="googleMilkExample" time="18.438"/>
  <testcase classname="com.selenium.BasicIT" name="googleCakeExample" time="18.732"/>
</testsuite> <!-- Surefire test -->
