<?xml version="1.0" encoding="UTF-8"?>
<testsuite xmlns:xsi="http://www.w3.org/2001/XMLSchema-instance" xsi:noNamespaceSchemaLocation="https://maven.apache.org/surefire/maven-failsafe-plugin/xsd/failsafe-test-report.xsd" name="com.selenium.BasicIT" time="20.033" tests="2" errors="0" skipped="0" failures="0">
  <properties>
[...]
</properties>
  <testcase name="googleMilkExample" classname="com.selenium.BasicIT" time="11.602"/>
  <testcase name="googleCheeseExample" classname="com.selenium.BasicIT" time="15.722"/>
</testsuite>