<?xml version="1.0" encoding="UTF-8"?>
<testsuite xmlns:xsi="http://www.w3.org/2001/XMLSchema-instance" xsi:noNamespaceSchemaLocation="https://maven.apache.org/surefire/maven-failsafe-plugin/xsd/failsafe-test-report.xsd" name="com.selenium.BasicIT" time="33.131" tests="3" errors="0" skipped="0" failures="0">
  <properties>
[...]
</properties>
  <testcase name="googleCheeseExample" classname="com.selenium.BasicIT" time="17.211"/>
  <testcase name="googleMilkExample" classname="com.selenium.BasicIT" time="18.438"/>
  <testcase name="googleCakeExample" classname="com.selenium.BasicIT" time="18.731"/>
</testsuite>