<?xml version="1.0" encoding="UTF-8"?>
<testng-results ignored="0" total="3" passed="3" failed="0" skipped="0">
  <reporter-output>
  </reporter-output>
  <suite started-at="2020-07-30T06:09:52Z" name="Surefire suite" finished-at="2020-07-30T06:10:11Z" duration-ms="18897">
    <groups>
    </groups>
    <test started-at="2020-07-30T06:09:52Z" name="Surefire test" finished-at="2020-07-30T06:10:11Z" duration-ms="18897">
      <class name="com.selenium.BasicIT">
        <test-method is-config="true" signature="instantiateDriverObject()[pri:0, instance:com.selenium.BasicIT@6a192cfe]" started-at="2020-07-30T06:09:52Z" name="instantiateDriverObject" finished-at="2020-07-30T06:09:52Z" duration-ms="38" status="PASS">
          <reporter-output>
          </reporter-output>
        </test-method> <!-- instantiateDriverObject -->
        <test-method signature="googleMilkExample()[pri:0, instance:com.selenium.BasicIT@6a192cfe]" started-at="2020-07-30T06:09:52Z" name="googleMilkExample" finished-at="2020-07-30T06:10:10Z" duration-ms="18438" status="PASS">
          <reporter-output>
          </reporter-output>
        </test-method> <!-- googleMilkExample -->
        <test-method signature="googleCheeseExample()[pri:0, instance:com.selenium.BasicIT@6a192cfe]" started-at="2020-07-30T06:09:52Z" name="googleCheeseExample" finished-at="2020-07-30T06:10:09Z" duration-ms="17135" status="PASS">
          <reporter-output>
          </reporter-output>
        </test-method> <!-- googleCheeseExample -->
        <test-method signature="googleCakeExample()[pri:0, instance:com.selenium.BasicIT@6a192cfe]" started-at="2020-07-30T06:09:52Z" name="googleCakeExample" finished-at="2020-07-30T06:10:11Z" duration-ms="18732" status="PASS">
          <reporter-output>
          </reporter-output>
        </test-method> <!-- googleCakeExample -->
        <test-method is-config="true" signature="clearCookies()[pri:0, instance:com.selenium.BasicIT@6a192cfe]" started-at="2020-07-30T06:10:09Z" name="clearCookies" finished-at="2020-07-30T06:10:09Z" duration-ms="239" status="PASS">
          <reporter-output>
          </reporter-output>
        </test-method> <!-- clearCookies -->
        <test-method is-config="true" signature="clearCookies()[pri:0, instance:com.selenium.BasicIT@6a192cfe]" started-at="2020-07-30T06:10:10Z" name="clearCookies" finished-at="2020-07-30T06:10:11Z" duration-ms="389" status="PASS">
          <reporter-output>
          </reporter-output>
        </test-method> <!-- clearCookies -->
        <test-method is-config="true" signature="clearCookies()[pri:0, instance:com.selenium.BasicIT@6a192cfe]" started-at="2020-07-30T06:10:11Z" name="clearCookies" finished-at="2020-07-30T06:10:11Z" duration-ms="129" status="PASS">
          <reporter-output>
          </reporter-output>
        </test-method> <!-- clearCookies -->
        <test-method is-config="true" signature="closeDriverObjects()[pri:0, instance:com.selenium.BasicIT@6a192cfe]" started-at="2020-07-30T06:10:11Z" name="closeDriverObjects" finished-at="2020-07-30T06:10:24Z" duration-ms="13028" status="PASS">
          <reporter-output>
          </reporter-output>
        </test-method> <!-- closeDriverObjects -->
      </class> <!-- com.selenium.BasicIT -->
    </test> <!-- Surefire test -->
  </suite> <!-- Surefire suite -->
</testng-results>
